<?xml version="1.0" encoding="UTF-8"?>
<!-- Generated by org.testng.reporters.JUnitReportReporter -->
<testsuite hostname="DESKTOP-6LGQ6RF" failures="1" tests="2" name="demo.advanced.tests.AmazonTest" time="82.572" errors="0" timestamp="2022-11-25T00:04:11 IST" skipped="0">
  <testcase classname="demo.advanced.tests.AmazonTest" name="AppleMobileSearch" time="32.959">
    <failure message="Actual Text &#039;Samsung Galaxy M32 Prime Edition (Light Blue, 6GB RAM, 128GB) &#039;does not Contains Expected Text &#039;Apple iPhone&#039; expected [true] but found [false]" type="java.lang.AssertionError">
      <![CDATA[java.lang.AssertionError: Actual Text 'Samsung Galaxy M32 Prime Edition (Light Blue, 6GB RAM, 128GB) 'does not Contains Expected Text 'Apple iPhone' expected [true] but found [false]
at org.testng.Assert.fail(Assert.java:99)
at org.testng.Assert.failNotEquals(Assert.java:1037)
at org.testng.Assert.assertTrue(Assert.java:45)
at demo.advanced.tests.AmazonTest.AppleMobileSearch(AmazonTest.java:20)
at java.base/jdk.internal.reflect.NativeMethodAccessorImpl.invoke0(Native Method)
at java.base/jdk.internal.reflect.NativeMethodAccessorImpl.invoke(NativeMethodAccessorImpl.java:77)
at java.base/jdk.internal.reflect.DelegatingMethodAccessorImpl.invoke(DelegatingMethodAccessorImpl.java:43)
at java.base/java.lang.reflect.Method.invoke(Method.java:568)
at org.testng.internal.MethodInvocationHelper.invokeMethod(MethodInvocationHelper.java:133)
at org.testng.internal.TestInvoker.invokeMethod(TestInvoker.java:598)
at org.testng.internal.TestInvoker.invokeTestMethod(TestInvoker.java:173)
at org.testng.internal.MethodRunner.runInSequence(MethodRunner.java:46)
at org.testng.internal.TestInvoker$MethodInvocationAgent.invoke(TestInvoker.java:824)
at org.testng.internal.TestInvoker.invokeTestMethods(TestInvoker.java:146)
at org.testng.internal.TestMethodWorker.invokeTestMethods(TestMethodWorker.java:146)
at org.testng.internal.TestMethodWorker.run(TestMethodWorker.java:128)
at java.base/java.util.concurrent.ThreadPoolExecutor.runWorker(ThreadPoolExecutor.java:1136)
at java.base/java.util.concurrent.ThreadPoolExecutor$Worker.run(ThreadPoolExecutor.java:635)
at java.base/java.lang.Thread.run(Thread.java:833)
]]>
    </failure>
  </testcase> <!-- AppleMobileSearch -->
  <system-out/>
  <testcase classname="demo.advanced.tests.AmazonTest" name="WriteMobileNamesInExcel" time="49.613"/>
  <system-out/>
</testsuite> <!-- demo.advanced.tests.AmazonTest -->
