<?xml version="1.0" encoding="UTF-8"?>
<!-- Generated by org.testng.reporters.JUnitReportReporter -->
<testsuite hostname="DESKTOP-6LGQ6RF" failures="0" tests="2" name="demo.advanced.tests.AmazonSearchTests" time="74.874" errors="0" timestamp="2023-02-09T22:00:40 IST" skipped="0">
  <testcase classname="demo.advanced.tests.AmazonSearchTests" name="verifyCategories" time="36.355"/>
  <system-out/>
  <testcase classname="demo.advanced.tests.AmazonSearchTests" name="ExcelXPathTest" time="38.519"/>
  <system-out/>
</testsuite> <!-- demo.advanced.tests.AmazonSearchTests -->
