<?xml version="1.0" encoding="UTF-8"?>
<!-- Generated by org.testng.reporters.JUnitReportReporter -->
<testsuite hostname="DESKTOP-6LGQ6RF" failures="0" tests="5" name="demo.advanced.tests.DemoTests" time="76.864" errors="0" timestamp="2022-12-02T12:31:56 IST" skipped="0">
  <testcase classname="demo.advanced.tests.DemoTests" name="ATest2" time="14.913"/>
  <system-out/>
  <testcase classname="demo.advanced.tests.DemoTests" name="BTest3" time="15.526"/>
  <system-out/>
  <testcase classname="demo.advanced.tests.DemoTests" name="ZTest1" time="14.379"/>
  <system-out/>
  <testcase classname="demo.advanced.tests.DemoTests" name="Test4" time="13.922"/>
  <system-out/>
  <testcase classname="demo.advanced.tests.DemoTests" name="Test5" time="18.124"/>
  <system-out/>
</testsuite> <!-- demo.advanced.tests.DemoTests -->
