<?xml version="1.0" encoding="UTF-8"?>
<!-- Generated by org.testng.reporters.JUnitReportReporter -->
<testsuite hostname="DESKTOP-6LGQ6RF" failures="0" tests="5" name="demo.advanced.tests.DemoTests" time="117.716" errors="0" timestamp="2022-11-25T00:04:11 IST" skipped="0">
  <testcase classname="demo.advanced.tests.DemoTests" name="Test1" time="31.908"/>
  <system-out/>
  <testcase classname="demo.advanced.tests.DemoTests" name="Test2" time="7.768"/>
  <system-out/>
  <testcase classname="demo.advanced.tests.DemoTests" name="Test3" time="35.289"/>
  <system-out/>
  <testcase classname="demo.advanced.tests.DemoTests" name="Test4" time="19.511"/>
  <system-out/>
  <testcase classname="demo.advanced.tests.DemoTests" name="Test5" time="23.240"/>
  <system-out/>
</testsuite> <!-- demo.advanced.tests.DemoTests -->
