<?xml version="1.0" encoding="UTF-8"?>
<!-- Generated by org.testng.reporters.JUnitReportReporter -->
<testsuite hostname="DESKTOP-6LGQ6RF" failures="0" tests="5" name="demo.advanced.tests.DemoTests" time="21.418" errors="0" timestamp="2023-01-24T19:19:02 IST" skipped="0">
  <testcase classname="demo.advanced.tests.DemoTests" name="ATest2" time="3.708"/>
  <system-out/>
  <testcase classname="demo.advanced.tests.DemoTests" name="BTest3" time="3.855"/>
  <system-out/>
  <testcase classname="demo.advanced.tests.DemoTests" name="ZTest1" time="5.463"/>
  <system-out/>
  <testcase classname="demo.advanced.tests.DemoTests" name="Test4" time="3.872"/>
  <system-out/>
  <testcase classname="demo.advanced.tests.DemoTests" name="Test5" time="4.520"/>
  <system-out/>
</testsuite> <!-- demo.advanced.tests.DemoTests -->
