<?xml version="1.0" encoding="UTF-8"?>
<!-- Generated by org.testng.reporters.JUnitReportReporter -->
<testsuite hostname="DESKTOP-6LGQ6RF" failures="0" tests="2" name="demo.advanced.tests.AmazonSearchTests" time="32.679" errors="0" timestamp="2022-12-17T11:35:23 IST" skipped="0">
  <testcase classname="demo.advanced.tests.AmazonSearchTests" name="ExcelXPathTest" time="25.964"/>
  <system-out/>
  <testcase classname="demo.advanced.tests.AmazonSearchTests" name="verifyCategories" time="6.715"/>
  <system-out/>
</testsuite> <!-- demo.advanced.tests.AmazonSearchTests -->
